# JRE version: Java(TM) SE Runtime Environment (16.0.2+7) (build 16.0.2+7-67)
# Java VM: Java HotSpot(TM) 64-Bit Server VM (16.0.2+7-67, mixed mode, sharing, tiered, compressed oops, compressed class ptrs, g1 gc, windows-amd64)
GC Precious Log:
 CPUs: 16 total, 16 available
 Memory: 16318M
 Large Page Support: Disabled
 NUMA Support: Disabled
 Compressed Oops: Enabled (Zero based)
 Heap Region Size: 2M
 Heap Min Capacity: 8M
 Heap Initial Capacity: 256M
 Heap Max Capacity: 4080M
 Pre-touch: Disabled
 Parallel Workers: 13
 Concurrent Workers: 3
 Concurrent Refinement Workers: 13
 Periodic GC: Disabled
Heap:
 garbage-first heap   total 262144K, used 145708K [0x0000000701000000, 0x0000000800000000)
  region size 2048K, 27 young (55296K), 2 survivors (4096K)
 Metaspace       used 7327K, committed 7552K, reserved 1056768K
  class space    used 744K, committed 832K, reserved 1048576K
GC Heap History (16 events):
Event: 0.442 GC heap before
{Heap before GC invocations=0 (full 0):
 garbage-first heap   total 262144K, used 47104K [0x0000000701000000, 0x0000000800000000)
  region size 2048K, 11 young (22528K), 0 survivors (0K)
 Metaspace       used 6682K, committed 6848K, reserved 1056768K
  class space    used 727K, committed 832K, reserved 1048576K
}
Event: 0.445 GC heap after
{Heap after GC invocations=1 (full 0):
 garbage-first heap   total 262144K, used 26340K [0x0000000701000000, 0x0000000800000000)
  region size 2048K, 1 young (2048K), 1 survivors (2048K)
 Metaspace       used 6682K, committed 6848K, reserved 1056768K
  class space    used 727K, committed 832K, reserved 1048576K
}
Event: 0.743 GC heap before
{Heap before GC invocations=1 (full 0):
 garbage-first heap   total 262144K, used 100068K [0x0000000701000000, 0x0000000800000000)
  region size 2048K, 19 young (38912K), 1 survivors (2048K)
 Metaspace       used 6698K, committed 6848K, reserved 1056768K
  class space    used 727K, committed 832K, reserved 1048576K
}
Event: 0.745 GC heap after
{Heap after GC invocations=2 (full 0):
 garbage-first heap   total 262144K, used 48962K [0x0000000701000000, 0x0000000800000000)
  region size 2048K, 1 young (2048K), 1 survivors (2048K)
 Metaspace       used 6698K, committed 6848K, reserved 1056768K
  class space    used 727K, committed 832K, reserved 1048576K
}
Event: 1.331 GC heap before
{Heap before GC invocations=2 (full 0):
 garbage-first heap   total 262144K, used 188226K [0x0000000701000000, 0x0000000800000000)
  region size 2048K, 36 young (73728K), 1 survivors (2048K)
 Metaspace       used 7036K, committed 7232K, reserved 1056768K
  class space    used 744K, committed 832K, reserved 1048576K
}
Event: 1.333 GC heap after
{Heap after GC invocations=3 (full 0):
 garbage-first heap   total 262144K, used 82233K [0x0000000701000000, 0x0000000800000000)
  region size 2048K, 2 young (4096K), 2 survivors (4096K)
 Metaspace       used 7036K, committed 7232K, reserved 1056768K
  class space    used 744K, committed 832K, reserved 1048576K
}
Event: 1.631 GC heap before
{Heap before GC invocations=3 (full 0):
 garbage-first heap   total 262144K, used 153913K [0x0000000701000000, 0x0000000800000000)
  region size 2048K, 20 young (40960K), 2 survivors (4096K)
 Metaspace       used 7043K, committed 7296K, reserved 1056768K
  class space    used 744K, committed 832K, reserved 1048576K
}
Event: 1.633 GC heap after
{Heap after GC invocations=4 (full 0):
 garbage-first heap   total 262144K, used 47401K [0x0000000701000000, 0x0000000800000000)
  region size 2048K, 2 young (4096K), 2 survivors (4096K)
 Metaspace       used 7043K, committed 7296K, reserved 1056768K
  class space    used 744K, committed 832K, reserved 1048576K
}
Event: 2.218 GC heap before
{Heap before GC invocations=4 (full 0):
 garbage-first heap   total 262144K, used 188713K [0x0000000701000000, 0x0000000800000000)
  region size 2048K, 37 young (75776K), 2 survivors (4096K)
 Metaspace       used 7236K, committed 7488K, reserved 1056768K
  class space    used 744K, committed 832K, reserved 1048576K
}
Event: 2.220 GC heap after
{Heap after GC invocations=5 (full 0):
 garbage-first heap   total 262144K, used 82312K [0x0000000701000000, 0x0000000800000000)
  region size 2048K, 2 young (4096K), 2 survivors (4096K)
 Metaspace       used 7236K, committed 7488K, reserved 1056768K
  class space    used 744K, committed 832K, reserved 1048576K
}
Event: 2.518 GC heap before
{Heap before GC invocations=5 (full 0):
 garbage-first heap   total 262144K, used 156040K [0x0000000701000000, 0x0000000800000000)
  region size 2048K, 21 young (43008K), 2 survivors (4096K)
 Metaspace       used 7305K, committed 7552K, reserved 1056768K
  class space    used 744K, committed 832K, reserved 1048576K
}
Event: 2.520 GC heap after
{Heap after GC invocations=6 (full 0):
 garbage-first heap   total 262144K, used 47465K [0x0000000701000000, 0x0000000800000000)
  region size 2048K, 2 young (4096K), 2 survivors (4096K)
 Metaspace       used 7305K, committed 7552K, reserved 1056768K
  class space    used 744K, committed 832K, reserved 1048576K
}
Event: 3.102 GC heap before
{Heap before GC invocations=6 (full 0):
 garbage-first heap   total 262144K, used 186729K [0x0000000701000000, 0x0000000800000000)
  region size 2048K, 36 young (73728K), 2 survivors (4096K)
 Metaspace       used 7312K, committed 7552K, reserved 1056768K
  class space    used 744K, committed 832K, reserved 1048576K
}
Event: 3.105 GC heap after
{Heap after GC invocations=7 (full 0):
 garbage-first heap   total 262144K, used 82262K [0x0000000701000000, 0x0000000800000000)
  region size 2048K, 2 young (4096K), 2 survivors (4096K)
 Metaspace       used 7312K, committed 7552K, reserved 1056768K
  class space    used 744K, committed 832K, reserved 1048576K
}
Event: 3.399 GC heap before
{Heap before GC invocations=7 (full 0):
 garbage-first heap   total 262144K, used 153942K [0x0000000701000000, 0x0000000800000000)
  region size 2048K, 20 young (40960K), 2 survivors (4096K)
 Metaspace       used 7312K, committed 7552K, reserved 1056768K
  class space    used 744K, committed 832K, reserved 1048576K
}
Event: 3.401 GC heap after
{Heap after GC invocations=8 (full 0):
 garbage-first heap   total 262144K, used 47404K [0x0000000701000000, 0x0000000800000000)
  region size 2048K, 2 young (4096K), 2 survivors (4096K)
 Metaspace       used 7312K, committed 7552K, reserved 1056768K
  class space    used 744K, committed 832K, reserved 1048576K
}

